0 info it worked if it ends with ok
1 verbose cli [ '/Users/xuzou/.nvm/v0.10.26/bin/node',
1 verbose cli   '/Users/xuzou/.nvm/v0.10.26/bin/npm',
1 verbose cli   'install',
1 verbose cli   'mmseg' ]
2 info using npm@1.4.3
3 info using node@v0.10.26
4 warn package.json tips@0.0.1 No repository field.
5 warn package.json tips@0.0.1 No README data
6 verbose readDependencies using package.json deps
7 verbose cache add [ 'mmseg', null ]
8 verbose cache add name=undefined spec="mmseg" args=["mmseg",null]
9 verbose parsed url { protocol: null,
9 verbose parsed url   slashes: null,
9 verbose parsed url   auth: null,
9 verbose parsed url   host: null,
9 verbose parsed url   port: null,
9 verbose parsed url   hostname: null,
9 verbose parsed url   hash: null,
9 verbose parsed url   search: null,
9 verbose parsed url   query: null,
9 verbose parsed url   pathname: 'mmseg',
9 verbose parsed url   path: 'mmseg',
9 verbose parsed url   href: 'mmseg' }
10 silly lockFile d1d9caa7-mmseg mmseg
11 verbose lock mmseg /Users/xuzou/.npm/d1d9caa7-mmseg.lock
12 silly lockFile d1d9caa7-mmseg mmseg
13 silly lockFile d1d9caa7-mmseg mmseg
14 verbose addNamed [ 'mmseg', '' ]
15 verbose addNamed [ null, '*' ]
16 silly lockFile 11695f5c-mmseg mmseg@
17 verbose lock mmseg@ /Users/xuzou/.npm/11695f5c-mmseg.lock
18 silly addNameRange { name: 'mmseg', range: '*', hasData: false }
19 verbose url raw mmseg
20 verbose url resolving [ 'https://registry.npmjs.org/', './mmseg' ]
21 verbose url resolved https://registry.npmjs.org/mmseg
22 info trying registry request attempt 1 at 13:50:42
23 http GET https://registry.npmjs.org/mmseg
24 http 200 https://registry.npmjs.org/mmseg
25 silly registry.get cb [ 200,
25 silly registry.get   { date: 'Tue, 14 Oct 2014 05:50:43 GMT',
25 silly registry.get     server: 'CouchDB/1.5.0 (Erlang OTP/R16B03)',
25 silly registry.get     etag: '"3SAYCBY5LHDRRFBIK79S522RB"',
25 silly registry.get     'content-type': 'application/json',
25 silly registry.get     'cache-control': 'max-age=60',
25 silly registry.get     'content-length': '13081',
25 silly registry.get     'accept-ranges': 'bytes',
25 silly registry.get     via: '1.1 varnish',
25 silly registry.get     age: '0',
25 silly registry.get     'x-served-by': 'cache-hk92-HKG',
25 silly registry.get     'x-cache': 'HIT',
25 silly registry.get     'x-cache-hits': '1',
25 silly registry.get     'x-timer': 'S1413265842.849995,VS0,VE169',
25 silly registry.get     vary: 'Accept',
25 silly registry.get     'keep-alive': 'timeout=10, max=50',
25 silly registry.get     connection: 'Keep-Alive' } ]
26 silly addNameRange number 2 { name: 'mmseg', range: '*', hasData: true }
27 silly addNameRange versions [ 'mmseg',
27 silly addNameRange   [ '0.0.1',
27 silly addNameRange     '0.0.2',
27 silly addNameRange     '0.0.3',
27 silly addNameRange     '0.0.4',
27 silly addNameRange     '0.0.5',
27 silly addNameRange     '0.0.6',
27 silly addNameRange     '0.0.7',
27 silly addNameRange     '0.0.8',
27 silly addNameRange     '0.1.0',
27 silly addNameRange     '0.2.0' ] ]
28 verbose addNamed [ 'mmseg', '0.2.0' ]
29 verbose addNamed [ '0.2.0', '0.2.0' ]
30 silly lockFile 10e3661d-mmseg-0-2-0 mmseg@0.2.0
31 verbose lock mmseg@0.2.0 /Users/xuzou/.npm/10e3661d-mmseg-0-2-0.lock
32 silly lockFile fd6e55d2--npmjs-org-mmseg-mmseg-0-2-0-tgz https://registry.npmjs.org/mmseg/-/mmseg-0.2.0.tgz
33 verbose lock https://registry.npmjs.org/mmseg/-/mmseg-0.2.0.tgz /Users/xuzou/.npm/fd6e55d2--npmjs-org-mmseg-mmseg-0-2-0-tgz.lock
34 verbose addRemoteTarball [ 'https://registry.npmjs.org/mmseg/-/mmseg-0.2.0.tgz',
34 verbose addRemoteTarball   '506acaa1a3f4d8a0e896390f7df32866a583c88a' ]
35 info retry fetch attempt 1 at 13:50:43
36 verbose fetch to= /var/folders/2n/55gj9cb51l3dp4jxvwg4p6xc0000gn/T/npm-1920-woDoWOLo/1413265843055-0.39716367120854557/tmp.tgz
37 http GET https://registry.npmjs.org/mmseg/-/mmseg-0.2.0.tgz
38 http 200 https://registry.npmjs.org/mmseg/-/mmseg-0.2.0.tgz
39 verbose tar unpack /var/folders/2n/55gj9cb51l3dp4jxvwg4p6xc0000gn/T/npm-1920-woDoWOLo/1413265843055-0.39716367120854557/tmp.tgz
40 silly lockFile 0c0126f9-3055-0-39716367120854557-package tar:///var/folders/2n/55gj9cb51l3dp4jxvwg4p6xc0000gn/T/npm-1920-woDoWOLo/1413265843055-0.39716367120854557/package
41 verbose lock tar:///var/folders/2n/55gj9cb51l3dp4jxvwg4p6xc0000gn/T/npm-1920-woDoWOLo/1413265843055-0.39716367120854557/package /Users/xuzou/.npm/0c0126f9-3055-0-39716367120854557-package.lock
42 silly lockFile b32ba50c-3055-0-39716367120854557-tmp-tgz tar:///var/folders/2n/55gj9cb51l3dp4jxvwg4p6xc0000gn/T/npm-1920-woDoWOLo/1413265843055-0.39716367120854557/tmp.tgz
43 verbose lock tar:///var/folders/2n/55gj9cb51l3dp4jxvwg4p6xc0000gn/T/npm-1920-woDoWOLo/1413265843055-0.39716367120854557/tmp.tgz /Users/xuzou/.npm/b32ba50c-3055-0-39716367120854557-tmp-tgz.lock
44 silly gunzTarPerm modes [ '755', '644' ]
45 silly gunzTarPerm extractEntry package.json
46 silly gunzTarPerm extractEntry .npmignore
47 silly gunzTarPerm extractEntry README.md
48 silly gunzTarPerm extractEntry index.js
49 silly gunzTarPerm extractEntry binding.gyp
50 silly gunzTarPerm extractEntry Makefile
51 silly gunzTarPerm extractEntry History.md
52 silly gunzTarPerm extractEntry mmseg-ubuntu.sh
53 silly gunzTarPerm extractEntry mmseg.cc
54 silly gunzTarPerm extractEntry mmseg.h
55 silly gunzTarPerm extractEntry wscript
56 silly gunzTarPerm extractEntry lib/mmseg.js
57 silly lockFile 0c0126f9-3055-0-39716367120854557-package tar:///var/folders/2n/55gj9cb51l3dp4jxvwg4p6xc0000gn/T/npm-1920-woDoWOLo/1413265843055-0.39716367120854557/package
58 silly lockFile 0c0126f9-3055-0-39716367120854557-package tar:///var/folders/2n/55gj9cb51l3dp4jxvwg4p6xc0000gn/T/npm-1920-woDoWOLo/1413265843055-0.39716367120854557/package
59 silly lockFile b32ba50c-3055-0-39716367120854557-tmp-tgz tar:///var/folders/2n/55gj9cb51l3dp4jxvwg4p6xc0000gn/T/npm-1920-woDoWOLo/1413265843055-0.39716367120854557/tmp.tgz
60 silly lockFile b32ba50c-3055-0-39716367120854557-tmp-tgz tar:///var/folders/2n/55gj9cb51l3dp4jxvwg4p6xc0000gn/T/npm-1920-woDoWOLo/1413265843055-0.39716367120854557/tmp.tgz
61 verbose tar pack [ '/Users/xuzou/.npm/mmseg/0.2.0/package.tgz',
61 verbose tar pack   '/var/folders/2n/55gj9cb51l3dp4jxvwg4p6xc0000gn/T/npm-1920-woDoWOLo/1413265843055-0.39716367120854557/package' ]
62 verbose tarball /Users/xuzou/.npm/mmseg/0.2.0/package.tgz
63 verbose folder /var/folders/2n/55gj9cb51l3dp4jxvwg4p6xc0000gn/T/npm-1920-woDoWOLo/1413265843055-0.39716367120854557/package
64 silly lockFile 0c0126f9-3055-0-39716367120854557-package tar:///var/folders/2n/55gj9cb51l3dp4jxvwg4p6xc0000gn/T/npm-1920-woDoWOLo/1413265843055-0.39716367120854557/package
65 verbose lock tar:///var/folders/2n/55gj9cb51l3dp4jxvwg4p6xc0000gn/T/npm-1920-woDoWOLo/1413265843055-0.39716367120854557/package /Users/xuzou/.npm/0c0126f9-3055-0-39716367120854557-package.lock
66 silly lockFile 32c42df6-uzou-npm-mmseg-0-2-0-package-tgz tar:///Users/xuzou/.npm/mmseg/0.2.0/package.tgz
67 verbose lock tar:///Users/xuzou/.npm/mmseg/0.2.0/package.tgz /Users/xuzou/.npm/32c42df6-uzou-npm-mmseg-0-2-0-package-tgz.lock
68 silly lockFile 0c0126f9-3055-0-39716367120854557-package tar:///var/folders/2n/55gj9cb51l3dp4jxvwg4p6xc0000gn/T/npm-1920-woDoWOLo/1413265843055-0.39716367120854557/package
69 silly lockFile 0c0126f9-3055-0-39716367120854557-package tar:///var/folders/2n/55gj9cb51l3dp4jxvwg4p6xc0000gn/T/npm-1920-woDoWOLo/1413265843055-0.39716367120854557/package
70 silly lockFile 32c42df6-uzou-npm-mmseg-0-2-0-package-tgz tar:///Users/xuzou/.npm/mmseg/0.2.0/package.tgz
71 silly lockFile 32c42df6-uzou-npm-mmseg-0-2-0-package-tgz tar:///Users/xuzou/.npm/mmseg/0.2.0/package.tgz
72 silly lockFile 124c928b-rs-xuzou-npm-mmseg-0-2-0-package /Users/xuzou/.npm/mmseg/0.2.0/package
73 verbose lock /Users/xuzou/.npm/mmseg/0.2.0/package /Users/xuzou/.npm/124c928b-rs-xuzou-npm-mmseg-0-2-0-package.lock
74 silly lockFile 124c928b-rs-xuzou-npm-mmseg-0-2-0-package /Users/xuzou/.npm/mmseg/0.2.0/package
75 silly lockFile 124c928b-rs-xuzou-npm-mmseg-0-2-0-package /Users/xuzou/.npm/mmseg/0.2.0/package
76 verbose tar unpack /Users/xuzou/.npm/mmseg/0.2.0/package.tgz
77 silly lockFile d96bfb54-rs-xuzou-npm-mmseg-0-2-0-package tar:///Users/xuzou/.npm/mmseg/0.2.0/package
78 verbose lock tar:///Users/xuzou/.npm/mmseg/0.2.0/package /Users/xuzou/.npm/d96bfb54-rs-xuzou-npm-mmseg-0-2-0-package.lock
79 silly lockFile 32c42df6-uzou-npm-mmseg-0-2-0-package-tgz tar:///Users/xuzou/.npm/mmseg/0.2.0/package.tgz
80 verbose lock tar:///Users/xuzou/.npm/mmseg/0.2.0/package.tgz /Users/xuzou/.npm/32c42df6-uzou-npm-mmseg-0-2-0-package-tgz.lock
81 silly gunzTarPerm modes [ '755', '644' ]
82 silly gunzTarPerm extractEntry package.json
83 silly gunzTarPerm extractEntry .npmignore
84 silly gunzTarPerm extractEntry README.md
85 silly gunzTarPerm extractEntry index.js
86 silly gunzTarPerm extractEntry binding.gyp
87 silly gunzTarPerm extractEntry Makefile
88 silly gunzTarPerm extractEntry History.md
89 silly gunzTarPerm extractEntry mmseg-ubuntu.sh
90 silly gunzTarPerm extractEntry mmseg.cc
91 silly gunzTarPerm extractEntry mmseg.h
92 silly gunzTarPerm extractEntry wscript
93 silly gunzTarPerm extractEntry lib/mmseg.js
94 silly lockFile d96bfb54-rs-xuzou-npm-mmseg-0-2-0-package tar:///Users/xuzou/.npm/mmseg/0.2.0/package
95 silly lockFile d96bfb54-rs-xuzou-npm-mmseg-0-2-0-package tar:///Users/xuzou/.npm/mmseg/0.2.0/package
96 silly lockFile 32c42df6-uzou-npm-mmseg-0-2-0-package-tgz tar:///Users/xuzou/.npm/mmseg/0.2.0/package.tgz
97 silly lockFile 32c42df6-uzou-npm-mmseg-0-2-0-package-tgz tar:///Users/xuzou/.npm/mmseg/0.2.0/package.tgz
98 verbose chmod /Users/xuzou/.npm/mmseg/0.2.0/package.tgz 644
99 verbose chown /Users/xuzou/.npm/mmseg/0.2.0/package.tgz [ 501, 20 ]
100 silly lockFile fd6e55d2--npmjs-org-mmseg-mmseg-0-2-0-tgz https://registry.npmjs.org/mmseg/-/mmseg-0.2.0.tgz
101 silly lockFile fd6e55d2--npmjs-org-mmseg-mmseg-0-2-0-tgz https://registry.npmjs.org/mmseg/-/mmseg-0.2.0.tgz
102 silly lockFile 10e3661d-mmseg-0-2-0 mmseg@0.2.0
103 silly lockFile 10e3661d-mmseg-0-2-0 mmseg@0.2.0
104 silly lockFile 11695f5c-mmseg mmseg@
105 silly lockFile 11695f5c-mmseg mmseg@
106 silly resolved [ { name: 'mmseg',
106 silly resolved     version: '0.2.0',
106 silly resolved     description: 'A node.js driver for libmmseg',
106 silly resolved     keywords: [ 'mmseg', 'libmmseg' ],
106 silly resolved     author: { name: 'Hidden', email: 'zzdhidden@gmail.com' },
106 silly resolved     dependencies: {},
106 silly resolved     scripts: { install: 'node-gyp clean configure build' },
106 silly resolved     main: 'index',
106 silly resolved     engines: { node: '>=0.8.0' },
106 silly resolved     licenses: [ [Object] ],
106 silly resolved     readme: '\nmmseg\n==========================\n\n  A nodeJS driver for [libmmseg](http://www.coreseek.cn/opensource/mmseg/)\n\n## Install libmmseg\n\n###libmmseg on ubuntu\n\n\tapt-get install make gcc g++ automake libtool\n\twget http://www.coreseek.cn/uploads/csft/3.2/mmseg-3.2.14.tar.gz\n\ttar zxvf mmseg-3.2.14.tar.gz \n\tcd mmseg-3.2.14\n\t./bootstrap \n\t./configure\n\tmake && make install\n\t#Install libmmseg on ubuntu\n\n###libmmseg on mac os\n\n\tsudo port install autoconf263 libtool-devel m4 autoconf automake libtool\n\twget http://www.coreseek.cn/uploads/csft/3.2/mmseg-3.2.14.tar.gz\n\ttar zxvf mmseg-3.2.14.tar.gz \n\tcd mmseg-3.2.14\n\taclocal &&  glibtoolize --copy --force --ltdl && autoreconf -i -f && automake --a && ./configure  && make && sudo make install\n\n###Other system\n\nPlease check [the official install document](http://www.coreseek.cn/products-install/)\n\n## Install mmseg-node\n\n\t#Install mmseg-node with npm\n\t#Set the os env MMSEG_PATH if you configure libmmseg with --prefix\n\t#export MMSEG_PATH=/usr/local/mmseg3\n\tnpm install mmseg\n\n##Usage\n\n\tvar mmseg = require("mmseg");\n\tvar q = mmseg.open(\'/usr/local/etc/\');\n\tconsole.log(q.segmentSync("我是中文分词"));\n\n\n\n## License \n\n(The MIT License)\n\nCopyright (c) 2011 Hidden &lt;zzdhidden@gmail.com&gt;\n\nPermission is hereby granted, free of charge, to any person obtaining\na copy of this software and associated documentation files (the\n\'Software\'), to deal in the Software without restriction, including\nwithout limitation the rights to use, copy, modify, merge, publish,\ndistribute, sublicense, and/or sell copies of the Software, and to\npermit persons to whom the Software is furnished to do so, subject to\nthe following conditions:\n\nThe above copyright notice and this permission notice shall be\nincluded in all copies or substantial portions of the Software.\n\nTHE SOFTWARE IS PROVIDED \'AS IS\', WITHOUT WARRANTY OF ANY KIND,\nEXPRESS OR IMPLIED, INCLUDING BUT NOT LIMITED TO THE WARRANTIES OF\nMERCHANTABILITY, FITNESS FOR A PARTICULAR PURPOSE AND NONINFRINGEMENT.\nIN NO EVENT SHALL THE AUTHORS OR COPYRIGHT HOLDERS BE LIABLE FOR ANY\nCLAIM, DAMAGES OR OTHER LIABILITY, WHETHER IN AN ACTION OF CONTRACT,\nTORT OR OTHERWISE, ARISING FROM, OUT OF OR IN CONNECTION WITH THE\nSOFTWARE OR THE USE OR OTHER DEALINGS IN THE SOFTWARE.\n',
106 silly resolved     readmeFilename: 'README.md',
106 silly resolved     _id: 'mmseg@0.2.0',
106 silly resolved     dist: { shasum: '506acaa1a3f4d8a0e896390f7df32866a583c88a' },
106 silly resolved     _from: 'mmseg@',
106 silly resolved     _resolved: 'https://registry.npmjs.org/mmseg/-/mmseg-0.2.0.tgz' } ]
107 info install mmseg@0.2.0 into /Users/xuzou/workspaces/research/tips
108 info installOne mmseg@0.2.0
109 info /Users/xuzou/workspaces/research/tips/node_modules/mmseg unbuild
110 verbose tar unpack /Users/xuzou/.npm/mmseg/0.2.0/package.tgz
111 silly lockFile d2b8f57a-research-tips-node-modules-mmseg tar:///Users/xuzou/workspaces/research/tips/node_modules/mmseg
112 verbose lock tar:///Users/xuzou/workspaces/research/tips/node_modules/mmseg /Users/xuzou/.npm/d2b8f57a-research-tips-node-modules-mmseg.lock
113 silly lockFile 32c42df6-uzou-npm-mmseg-0-2-0-package-tgz tar:///Users/xuzou/.npm/mmseg/0.2.0/package.tgz
114 verbose lock tar:///Users/xuzou/.npm/mmseg/0.2.0/package.tgz /Users/xuzou/.npm/32c42df6-uzou-npm-mmseg-0-2-0-package-tgz.lock
115 silly gunzTarPerm modes [ '755', '644' ]
116 silly gunzTarPerm extractEntry package.json
117 silly gunzTarPerm extractEntry .npmignore
118 silly gunzTarPerm extractEntry README.md
119 silly gunzTarPerm extractEntry index.js
120 silly gunzTarPerm extractEntry binding.gyp
121 silly gunzTarPerm extractEntry Makefile
122 silly gunzTarPerm extractEntry History.md
123 silly gunzTarPerm extractEntry mmseg-ubuntu.sh
124 silly gunzTarPerm extractEntry mmseg.cc
125 silly gunzTarPerm extractEntry mmseg.h
126 silly gunzTarPerm extractEntry wscript
127 silly gunzTarPerm extractEntry lib/mmseg.js
128 silly lockFile d2b8f57a-research-tips-node-modules-mmseg tar:///Users/xuzou/workspaces/research/tips/node_modules/mmseg
129 silly lockFile d2b8f57a-research-tips-node-modules-mmseg tar:///Users/xuzou/workspaces/research/tips/node_modules/mmseg
130 silly lockFile 32c42df6-uzou-npm-mmseg-0-2-0-package-tgz tar:///Users/xuzou/.npm/mmseg/0.2.0/package.tgz
131 silly lockFile 32c42df6-uzou-npm-mmseg-0-2-0-package-tgz tar:///Users/xuzou/.npm/mmseg/0.2.0/package.tgz
132 info preinstall mmseg@0.2.0
133 verbose readDependencies using package.json deps
134 verbose readDependencies using package.json deps
135 silly resolved []
136 verbose about to build /Users/xuzou/workspaces/research/tips/node_modules/mmseg
137 info build /Users/xuzou/workspaces/research/tips/node_modules/mmseg
138 verbose linkStuff [ false,
138 verbose linkStuff   false,
138 verbose linkStuff   false,
138 verbose linkStuff   '/Users/xuzou/workspaces/research/tips/node_modules' ]
139 info linkStuff mmseg@0.2.0
140 verbose linkBins mmseg@0.2.0
141 verbose linkMans mmseg@0.2.0
142 verbose rebuildBundles mmseg@0.2.0
143 info install mmseg@0.2.0
144 verbose unsafe-perm in lifecycle true
145 info mmseg@0.2.0 Failed to exec install script
146 info /Users/xuzou/workspaces/research/tips/node_modules/mmseg unbuild
147 info preuninstall mmseg@0.2.0
148 info uninstall mmseg@0.2.0
149 verbose true,/Users/xuzou/workspaces/research/tips/node_modules,/Users/xuzou/workspaces/research/tips/node_modules unbuild mmseg@0.2.0
150 info postuninstall mmseg@0.2.0
151 error mmseg@0.2.0 install: `node-gyp clean configure build`
151 error Exit status 1
152 error Failed at the mmseg@0.2.0 install script.
152 error This is most likely a problem with the mmseg package,
152 error not with npm itself.
152 error Tell the author that this fails on your system:
152 error     node-gyp clean configure build
152 error You can get their info via:
152 error     npm owner ls mmseg
152 error There is likely additional logging output above.
153 error System Darwin 14.0.0
154 error command "/Users/xuzou/.nvm/v0.10.26/bin/node" "/Users/xuzou/.nvm/v0.10.26/bin/npm" "install" "mmseg"
155 error cwd /Users/xuzou/workspaces/research/tips
156 error node -v v0.10.26
157 error npm -v 1.4.3
158 error code ELIFECYCLE
159 verbose exit [ 1, true ]
